<?xml version="1.0" encoding="UTF-8"?>
<testsuite name="com.bridgelabz.userregistration.UserRegistrationTest" tests="4" skipped="0" failures="0" errors="0" timestamp="2020-04-02T01:31:58" hostname="Ubuntu-RajKush" time="0.002">
  <properties/>
  <testcase name="givenValidMobileNumber_ShouldReturnTrue" classname="com.bridgelabz.userregistration.UserRegistrationTest" time="0.001"/>
  <testcase name="givenValidEmailId_ShouldReturnTrue" classname="com.bridgelabz.userregistration.UserRegistrationTest" time="0.001"/>
  <testcase name="givenValidFirstName_ShouldReturnTrue" classname="com.bridgelabz.userregistration.UserRegistrationTest" time="0.0"/>
  <testcase name="givenValidLastName_ShouldReturnTrue" classname="com.bridgelabz.userregistration.UserRegistrationTest" time="0.0"/>
  <system-out><![CDATA[]]></system-out>
  <system-err><![CDATA[]]></system-err>
</testsuite>
