<?xml version="1.0" encoding="UTF-8"?>
<testsuite name="com.bridgelabz.userregistration.UserRegistrationTest" tests="1" skipped="0" failures="0" errors="0" timestamp="2020-04-02T00:32:44" hostname="Ubuntu-RajKush" time="0.001">
  <properties/>
  <testcase name="givenValidFirstName_ShouldReturnTrue" classname="com.bridgelabz.userregistration.UserRegistrationTest" time="0.001"/>
  <system-out><![CDATA[]]></system-out>
  <system-err><![CDATA[]]></system-err>
</testsuite>
